2023-02-13 22:02:794 INFO  HomePage :28 - clicking on login link : [[ChromeDriver: chrome on WINDOWS (8a9ea02e3ff66b53d6d9a1326ac5ac2a)] -> link text: Log in]
2023-02-13 22:02:837 INFO  LoginPage :40 - getting text from : [[ChromeDriver: chrome on WINDOWS (8a9ea02e3ff66b53d6d9a1326ac5ac2a)] -> xpath: //h1[contains(text(),'Welcome, Please Sign In!')]]
2023-02-13 22:02:760 INFO  HomePage :28 - clicking on login link : [[ChromeDriver: chrome on WINDOWS (a2a6b96c290425fcd6d32317755f4364)] -> link text: Log in]
2023-02-13 22:02:798 INFO  LoginPage :40 - getting text from : [[ChromeDriver: chrome on WINDOWS (a2a6b96c290425fcd6d32317755f4364)] -> xpath: //h1[contains(text(),'Welcome, Please Sign In!')]]
2023-02-13 22:02:85 INFO  HomePage :28 - clicking on login link : [[ChromeDriver: chrome on WINDOWS (2b73424b4fada9db03803762f20572d1)] -> link text: Log in]
2023-02-14 15:02:575 INFO  HomePage :28 - clicking on login link : [[ChromeDriver: chrome on WINDOWS (907e7062845a8eae7b8a9236dea0e196)] -> link text: Log in]
2023-02-14 15:02:602 INFO  LoginPage :36 - getting text from : [[ChromeDriver: chrome on WINDOWS (907e7062845a8eae7b8a9236dea0e196)] -> xpath: //h1[contains(text(),'Welcome, Please Sign In!')]]
2023-02-14 15:02:910 INFO  HomePage :28 - clicking on login link : [[ChromeDriver: chrome on WINDOWS (e5050173f9653f3c842f413957cd679e)] -> link text: Log in]
2023-02-14 15:02:939 INFO  LoginPage :36 - getting text from : [[ChromeDriver: chrome on WINDOWS (e5050173f9653f3c842f413957cd679e)] -> xpath: //h1[contains(text(),'Welcome, Please Sign In!')]]
2023-02-14 15:02:770 INFO  HomePage :28 - clicking on login link : [[ChromeDriver: chrome on WINDOWS (14488694e5a3e7fbd215821600010967)] -> link text: Log in]
2023-02-14 15:02:476 INFO  HomePage :28 - clicking on login link : [[ChromeDriver: chrome on WINDOWS (29b7c8e8892131d6149b1cacb85e9df3)] -> link text: Log in]
2023-02-14 15:02:445 INFO  HomePage :28 - clicking on login link : [[ChromeDriver: chrome on WINDOWS (fc9d170c63fca6385438ce79c18f1a97)] -> link text: Log in]
2023-02-14 15:02:344 INFO  HomePage :28 - clicking on login link : [[ChromeDriver: chrome on WINDOWS (731d301323b4e98d6fce3c9150c51e76)] -> link text: Log in]
2023-02-14 15:02:635 INFO  HomePage :28 - clicking on login link : [[ChromeDriver: chrome on WINDOWS (76ee902951b57871df071f59829e6476)] -> link text: Log in]
2023-02-14 19:02:715 INFO  HomePage :34 - click on register link :[[ChromeDriver: chrome on WINDOWS (cdd7f3db97eca4baec4789db03f8d6f7)] -> link text: Register]
2023-02-14 20:02:849 INFO  HomePage :34 - click on register link :[[ChromeDriver: chrome on WINDOWS (85a9f55ee1f4c2540d727e6c4363bd04)] -> link text: Register]
2023-02-14 20:02:461 INFO  HomePage :34 - click on register link :Proxy element for: DefaultElementLocator 'By.linkText: Register'
2023-02-14 20:02:135 INFO  HomePage :34 - click on register link :[[ChromeDriver: chrome on WINDOWS (ef1c113899392b60b3d9c4250da01ae3)] -> link text: Register]
2023-02-14 21:02:53 INFO  HomePage :34 - click on register link :[[ChromeDriver: chrome on WINDOWS (70b153ea1cbd748520c3e8ada39e715e)] -> link text: Register]
2023-02-14 21:02:464 INFO  HomePage :34 - click on register link :[[ChromeDriver: chrome on WINDOWS (c44ebb82ddb495c21d0111d87368d62c)] -> link text: Register]
2023-02-14 21:02:168 INFO  HomePage :28 - clicking on login link : [[ChromeDriver: chrome on WINDOWS (0795190db07a72eb3030140192613ba7)] -> link text: Log in]
2023-02-14 21:02:822 INFO  HomePage :34 - click on register link :[[ChromeDriver: chrome on WINDOWS (21ede69c86bceb1ed16b8bdd53b5e148)] -> link text: Register]
2023-02-14 21:02:351 INFO  HomePage :34 - click on register link :[[ChromeDriver: chrome on WINDOWS (5852691d643928b02afb00088a1094d8)] -> link text: Register]
2023-02-14 22:02:178 INFO  HomePage :34 - click on register link :[[ChromeDriver: chrome on WINDOWS (082200b0b0342cbe0acb8d40ae3a44fd)] -> link text: Register]
2023-02-14 22:02:573 INFO  HomePage :34 - click on register link :[[ChromeDriver: chrome on WINDOWS (834b026c18eb5304d3ca6070359dd42d)] -> link text: Register]
2023-02-14 22:02:77 INFO  HomePage :34 - click on register link :[[ChromeDriver: chrome on WINDOWS (d3f768bcf6252085c19f6d2cf126f624)] -> link text: Register]
2023-02-15 20:02:251 INFO  LoginPage :42 - getting Text From : [[ChromeDriver: chrome on WINDOWS (76002243537d3296c4f53939ba5d03cb)] -> xpath: //h1[contains(text(),'Welcome, Please Sign In!')]]
2023-02-15 20:02:334 INFO  LoginPage :46 - getting Text From : [[ChromeDriver: chrome on WINDOWS (452bfd0f694f916d1b642eb9cacb8f5c)] -> xpath: //div[@class='message-error validation-summary-errors']]
2023-02-15 20:02:969 INFO  LoginPage :50 - getting Text From : [[ChromeDriver: chrome on WINDOWS (5dc5b76c0bf4ea7134f9073fd6bb6ddd)] -> xpath: //a[@class='ico-logout']]
2023-02-15 20:02:163 INFO  LoginPage :50 - getting Text From : [[ChromeDriver: chrome on WINDOWS (b65dd9261819e7427c637169d2ff3596)] -> xpath: //a[@class='ico-logout']]
2023-02-15 20:02:880 INFO  HomePage :40 - getting Text From : [[ChromeDriver: chrome on WINDOWS (b65dd9261819e7427c637169d2ff3596)] -> link text: Log in]
2023-02-15 20:02:265 INFO  LoginPage :42 - getting Text From : [[ChromeDriver: chrome on WINDOWS (afb5abdd382abbee38ec7ec4a0778e4c)] -> xpath: //h1[contains(text(),'Welcome, Please Sign In!')]]
2023-02-15 20:02:425 INFO  LoginPage :42 - getting Text From : [[ChromeDriver: chrome on WINDOWS (ab75c6c2d9991e3088da7ea38b585103)] -> xpath: //h1[contains(text(),'Welcome, Please Sign In!')]]
2023-02-15 20:02:30 INFO  LoginPage :46 - getting Text From : [[ChromeDriver: chrome on WINDOWS (78494b005716535afbe3c60d8a77cfdf)] -> xpath: //div[@class='message-error validation-summary-errors']]
2023-02-15 20:02:83 INFO  LoginPage :50 - getting Text From : [[ChromeDriver: chrome on WINDOWS (82aed0207c2426bf6f43f06a6dd462de)] -> xpath: //a[@class='ico-logout']]
2023-02-15 20:02:407 INFO  LoginPage :50 - getting Text From : [[ChromeDriver: chrome on WINDOWS (7b70c44c1f353a01f51c8c9075d3a0c5)] -> xpath: //a[@class='ico-logout']]
2023-02-15 20:02:88 INFO  HomePage :40 - getting Text From : [[ChromeDriver: chrome on WINDOWS (7b70c44c1f353a01f51c8c9075d3a0c5)] -> link text: Log in]
2023-02-15 20:02:706 INFO  LoginPage :33 - getting text from : [[ChromeDriver: chrome on WINDOWS (a4996e50f876feec8c31df4f94a4761d)] -> class name: page-title]
2023-02-15 20:02:400 INFO  LoginPage :37 - getting text from : [[ChromeDriver: chrome on WINDOWS (b019aa2383d5da136c5d16f0f3be1f0f)] -> xpath: //div[@class='page-title']]
2023-02-15 21:02:968 INFO  LoginPage :42 - getting Text From : [[ChromeDriver: chrome on WINDOWS (81fa08c510779d3ffe1092c6a6cbd950)] -> xpath: //h1[contains(text(),'Welcome, Please Sign In!')]]
2023-02-15 21:02:82 INFO  LoginPage :42 - getting Text From : [[ChromeDriver: chrome on WINDOWS (20eccabeba8a0e5adf7a16aa21a6bbf4)] -> xpath: //h1[contains(text(),'Welcome, Please Sign In!')]]
2023-02-15 21:02:701 INFO  LoginPage :33 - getting text from : [[ChromeDriver: chrome on WINDOWS (cf4a3d276b0caadcb4ed6bb2e3fbb6e6)] -> class name: page-title]
2023-02-15 21:02:67 INFO  LoginPage :37 - getting text from : [[ChromeDriver: chrome on WINDOWS (edd32acdb39639bb226c3fc410b9d0ee)] -> xpath: //div[@class='page-title']]
2023-02-15 22:02:657 INFO  LoginPage :42 - getting Text From : [[ChromeDriver: chrome on WINDOWS (2350ba5df30180a84087b87666905ecd)] -> xpath: //h1[contains(text(),'Welcome, Please Sign In!')]]
2023-02-15 22:02:123 INFO  LoginPage :46 - getting Text From : [[ChromeDriver: chrome on WINDOWS (331bdf9729201e77c2d1a01bb3e0b17d)] -> xpath: //div[@class='message-error validation-summary-errors']]
2023-02-15 22:02:912 INFO  LoginPage :50 - getting Text From : Proxy element for: DefaultElementLocator 'By.xpath: //a[@class='ico-logout']'
2023-02-15 22:02:02 INFO  LoginPage :42 - getting Text From : [[ChromeDriver: chrome on WINDOWS (15823e2626c3625926f74ea4e1880ad9)] -> xpath: //h1[contains(text(),'Welcome, Please Sign In!')]]
2023-02-15 22:02:789 INFO  LoginPage :46 - getting Text From : [[ChromeDriver: chrome on WINDOWS (1640fd220da04a9a70c90852e43dd32f)] -> xpath: //div[@class='message-error validation-summary-errors']]
2023-02-15 22:02:01 INFO  LoginPage :50 - getting Text From : [[ChromeDriver: chrome on WINDOWS (d07dc29dedac9221ea20c33897863d26)] -> xpath: //a[@class='ico-logout']]
2023-02-15 22:02:630 INFO  LoginPage :50 - getting Text From : [[ChromeDriver: chrome on WINDOWS (94004ae06dfc000c9124849459a47f8b)] -> xpath: //a[@class='ico-logout']]
2023-02-15 22:02:365 INFO  HomePage :40 - getting Text From : [[ChromeDriver: chrome on WINDOWS (94004ae06dfc000c9124849459a47f8b)] -> link text: Log in]
2023-02-15 22:02:607 INFO  LoginPage :33 - getting text from : [[ChromeDriver: chrome on WINDOWS (45ea09548d9941666f56866f100356b7)] -> class name: page-title]
2023-02-15 22:02:670 INFO  LoginPage :37 - getting text from : [[ChromeDriver: chrome on WINDOWS (97b22c2e2a09f4aa97fdbfd3758ab50f)] -> xpath: //div[@class='page-title']]
2023-02-15 22:02:505 INFO  LoginPage :46 - getting Text From : [[ChromeDriver: chrome on WINDOWS (4ed984cb4cb71b78c3226bb443c5a4ea)] -> xpath: //div[@class='message-error validation-summary-errors']]
2023-02-15 22:02:586 INFO  LoginPage :50 - getting Text From : [[ChromeDriver: chrome on WINDOWS (f76e8fba221a1732131948368ab130c3)] -> xpath: //a[@class='ico-logout']]
